app/build/outputs/logs/manifest-merger-debug-report.txt
-- Merging decision tree log ---
manifest
ADDED from src\main\AndroidManifest.xml:2:1-21:12
	package
		ADDED from src\main\AndroidManifest.xml:3:2-26
		INJECTED from src\main\AndroidManifest.xml
		INJECTED from src\main\AndroidManifest.xml
	android:versionName
		ADDED from src\main\AndroidManifest.xml:3:51-76
	android:versionCode
		ADDED from src\main\AndroidManifest.xml:3:27-50
		INJECTED from src\main\AndroidManifest.xml
		INJECTED from src\main\AndroidManifest.xml
	xmlns:android
		ADDED from src\main\AndroidManifest.xml:2:11-69
uses-sdk
ADDED from src\main\AndroidManifest.xml:4:2-40
	android:targetSdkVersion
		INJECTED from src\main\AndroidManifest.xml
		INJECTED from src\main\AndroidManifest.xml
	android:minSdkVersion
		ADDED from src\main\AndroidManifest.xml:4:12-37
		INJECTED from src\main\AndroidManifest.xml
		INJECTED from src\main\AndroidManifest.xml
uses-permission#android.permission.INTERNET
ADDED from src\main\AndroidManifest.xml:5:2-80
	android:name
		ADDED from src\main\AndroidManifest.xml:5:19-61
uses-permission#android.permission.WRITE_EXTERNAL_STORAGE
ADDED from src\main\AndroidManifest.xml:6:2-94
	android:name
		ADDED from src\main\AndroidManifest.xml:6:19-75
uses-permission#android.permission.MOUNT_UNMOUNT_FILESYSTEMS
ADDED from src\main\AndroidManifest.xml:7:2-97
	android:name
		ADDED from src\main\AndroidManifest.xml:7:19-78
application
ADDED from src\main\AndroidManifest.xml:8:2-20:16
	android:label
		ADDED from src\main\AndroidManifest.xml:8:45-77
	android:icon
		ADDED from src\main\AndroidManifest.xml:8:15-44
activity#com.sam.remote.Preferences
ADDED from src\main\AndroidManifest.xml:9:3-10:92
	android:label
		ADDED from src\main\AndroidManifest.xml:10:4-38
	android:configChanges
		ADDED from src\main\AndroidManifest.xml:10:39-89
	android:name
		ADDED from src\main\AndroidManifest.xml:9:13-54
activity#com.sam.remote.activitiMain
ADDED from src\main\AndroidManifest.xml:11:3-17:14
	android:label
		ADDED from src\main\AndroidManifest.xml:11:42-74
	android:configChanges
		ADDED from src\main\AndroidManifest.xml:12:4-54
	android:name
		ADDED from src\main\AndroidManifest.xml:11:13-41
intent-filter#android.intent.action.MAIN+android.intent.category.LAUNCHER
ADDED from src\main\AndroidManifest.xml:13:4-16:20
action#android.intent.action.MAIN
ADDED from src\main\AndroidManifest.xml:14:5-57
	android:name
		ADDED from src\main\AndroidManifest.xml:14:13-54
category#android.intent.category.LAUNCHER
ADDED from src\main\AndroidManifest.xml:15:5-65
	android:name
		ADDED from src\main\AndroidManifest.xml:15:15-62